Determining if the pthread_create exist failed with the following output:
Change Dir: /home/nvidia/Desktop/test5send/build/CMakeFiles/CMakeTmp

Run Build Command:"/usr/bin/make" "cmTC_ef8db/fast"
/usr/bin/make -f CMakeFiles/cmTC_ef8db.dir/build.make CMakeFiles/cmTC_ef8db.dir/build
make[1]: Entering directory '/home/nvidia/Desktop/test5send/build/CMakeFiles/CMakeTmp'
Building CXX object CMakeFiles/cmTC_ef8db.dir/CheckSymbolExists.cxx.o
/usr/bin/c++      -o CMakeFiles/cmTC_ef8db.dir/CheckSymbolExists.cxx.o -c /home/nvidia/Desktop/test5send/build/CMakeFiles/CMakeTmp/CheckSymbolExists.cxx
Linking CXX executable cmTC_ef8db
/usr/bin/cmake -E cmake_link_script CMakeFiles/cmTC_ef8db.dir/link.txt --verbose=1
/usr/bin/c++        CMakeFiles/cmTC_ef8db.dir/CheckSymbolExists.cxx.o  -o cmTC_ef8db 
CMakeFiles/cmTC_ef8db.dir/CheckSymbolExists.cxx.o: In function `main':
CheckSymbolExists.cxx:(.text+0x14): undefined reference to `pthread_create'
CheckSymbolExists.cxx:(.text+0x18): undefined reference to `pthread_create'
collect2: error: ld returned 1 exit status
CMakeFiles/cmTC_ef8db.dir/build.make:97: recipe for target 'cmTC_ef8db' failed
make[1]: *** [cmTC_ef8db] Error 1
make[1]: Leaving directory '/home/nvidia/Desktop/test5send/build/CMakeFiles/CMakeTmp'
Makefile:126: recipe for target 'cmTC_ef8db/fast' failed
make: *** [cmTC_ef8db/fast] Error 2

File /home/nvidia/Desktop/test5send/build/CMakeFiles/CMakeTmp/CheckSymbolExists.cxx:
/* */
#include <pthread.h>

int main(int argc, char** argv)
{
  (void)argv;
#ifndef pthread_create
  return ((int*)(&pthread_create))[argc];
#else
  (void)argc;
  return 0;
#endif
}

Determining if the function pthread_create exists in the pthreads failed with the following output:
Change Dir: /home/nvidia/Desktop/test5send/build/CMakeFiles/CMakeTmp

Run Build Command:"/usr/bin/make" "cmTC_18779/fast"
/usr/bin/make -f CMakeFiles/cmTC_18779.dir/build.make CMakeFiles/cmTC_18779.dir/build
make[1]: Entering directory '/home/nvidia/Desktop/test5send/build/CMakeFiles/CMakeTmp'
Building CXX object CMakeFiles/cmTC_18779.dir/CheckFunctionExists.cxx.o
/usr/bin/c++     -DCHECK_FUNCTION_EXISTS=pthread_create   -o CMakeFiles/cmTC_18779.dir/CheckFunctionExists.cxx.o -c /home/nvidia/Desktop/test5send/build/CMakeFiles/CheckLibraryExists/CheckFunctionExists.cxx
Linking CXX executable cmTC_18779
/usr/bin/cmake -E cmake_link_script CMakeFiles/cmTC_18779.dir/link.txt --verbose=1
/usr/bin/c++    -DCHECK_FUNCTION_EXISTS=pthread_create    CMakeFiles/cmTC_18779.dir/CheckFunctionExists.cxx.o  -o cmTC_18779 -lpthreads 
/usr/bin/ld: cannot find -lpthreads
collect2: error: ld returned 1 exit status
CMakeFiles/cmTC_18779.dir/build.make:97: recipe for target 'cmTC_18779' failed
make[1]: *** [cmTC_18779] Error 1
make[1]: Leaving directory '/home/nvidia/Desktop/test5send/build/CMakeFiles/CMakeTmp'
Makefile:126: recipe for target 'cmTC_18779/fast' failed
make: *** [cmTC_18779/fast] Error 2


